<?xml version="1.0" encoding="UTF-8"?>
<!-- Generated by org.testng.reporters.JUnitReportReporter -->
<testsuite hostname="NUE04MB009.local" failures="0" tests="2" name="com.SumTests" time="0.012" errors="0" timestamp="2023-01-02T16:09:28 CET" skipped="0">
  <testcase classname="com.SumTests" name="AddTwoNumbers" time="0.011"/>
  <system-out/>
  <testcase classname="com.SumTests" name="AddTwoNumbersWithDecimals" time="0.001"/>
  <system-out/>
</testsuite> <!-- com.SumTests -->
