<?xml version="1.0" encoding="UTF-8"?>
<!-- Generated by org.testng.reporters.JUnitReportReporter -->
<testsuite hostname="NUE04MB009.local" failures="0" tests="1" name="com.SubtractionTests" time="0.000" errors="0" timestamp="2023-01-02T16:09:28 CET" skipped="0">
  <testcase classname="com.SubtractionTests" name="SubtractTwoNumbers" time="0.000"/>
  <system-out/>
</testsuite> <!-- com.SubtractionTests -->
